# JRE version: OpenJDK Runtime Environment (22.0.2+9) (build 22.0.2+9-70)
# Java VM: OpenJDK 64-Bit Server VM (22.0.2+9-70, mixed mode, sharing, tiered, compressed oops, compressed class ptrs, g1 gc, windows-amd64)
GC Precious Log:
 CardTable entry size: 512
 Card Set container configuration: InlinePtr #cards 4 size 8 Array Of Cards #cards 16 size 48 Howl #buckets 8 coarsen threshold 3686 Howl Bitmap #cards 512 size 80 coarsen threshold 460 Card regions per heap region 1 cards per card region 4096
 CPUs: 20 total, 20 available
 Memory: 16011M
 Large Page Support: Disabled
 NUMA Support: Disabled
 Compressed Oops: Enabled (Zero based)
 Heap Region Size: 2M
 Heap Min Capacity: 8M
 Heap Initial Capacity: 252M
 Heap Max Capacity: 4004M
 Pre-touch: Disabled
 Parallel Workers: 15
 Concurrent Workers: 4
 Concurrent Refinement Workers: 15
 Periodic GC: Disabled
Heap:
 garbage-first heap   total reserved 4100096K, committed 163840K, used 123065K [0x0000000705c00000, 0x0000000800000000)
  region size 2048K, 27 young (55296K), 2 survivors (4096K)
 Metaspace       used 34842K, committed 35456K, reserved 1114112K
  class space    used 3798K, committed 4096K, reserved 1048576K
GC Heap History (20 events):
Event: 4.578 GC heap before
{Heap before GC invocations=10 (full 0):
 garbage-first heap   total reserved 4100096K, committed 135168K, used 106496K [0x0000000705c00000, 0x0000000800000000)
  region size 2048K, 26 young (53248K), 2 survivors (4096K)
 Metaspace       used 28157K, committed 28544K, reserved 1114112K
  class space    used 3130K, committed 3328K, reserved 1048576K
}
Event: 4.591 GC heap after
{Heap after GC invocations=11 (full 0):
 garbage-first heap   total reserved 4100096K, committed 135168K, used 65536K [0x0000000705c00000, 0x0000000800000000)
  region size 2048K, 4 young (8192K), 4 survivors (8192K)
 Metaspace       used 28157K, committed 28544K, reserved 1114112K
  class space    used 3130K, committed 3328K, reserved 1048576K
}
Event: 5.302 GC heap before
{Heap before GC invocations=11 (full 0):
 garbage-first heap   total reserved 4100096K, committed 135168K, used 108544K [0x0000000705c00000, 0x0000000800000000)
  region size 2048K, 26 young (53248K), 4 survivors (8192K)
 Metaspace       used 29917K, committed 30336K, reserved 1114112K
  class space    used 3335K, committed 3520K, reserved 1048576K
}
Event: 5.310 GC heap after
{Heap after GC invocations=12 (full 0):
 garbage-first heap   total reserved 4100096K, committed 135168K, used 67485K [0x0000000705c00000, 0x0000000800000000)
  region size 2048K, 1 young (2048K), 1 survivors (2048K)
 Metaspace       used 29917K, committed 30336K, reserved 1114112K
  class space    used 3335K, committed 3520K, reserved 1048576K
}
Event: 5.468 GC heap before
{Heap before GC invocations=12 (full 0):
 garbage-first heap   total reserved 4100096K, committed 135168K, used 114589K [0x0000000705c00000, 0x0000000800000000)
  region size 2048K, 24 young (49152K), 1 survivors (2048K)
 Metaspace       used 30031K, committed 30400K, reserved 1114112K
  class space    used 3344K, committed 3520K, reserved 1048576K
}
Event: 5.470 GC heap after
{Heap after GC invocations=13 (full 0):
 garbage-first heap   total reserved 4100096K, committed 135168K, used 66917K [0x0000000705c00000, 0x0000000800000000)
  region size 2048K, 1 young (2048K), 1 survivors (2048K)
 Metaspace       used 30031K, committed 30400K, reserved 1114112K
  class space    used 3344K, committed 3520K, reserved 1048576K
}
Event: 5.754 GC heap before
{Heap before GC invocations=14 (full 0):
 garbage-first heap   total reserved 4100096K, committed 135168K, used 116069K [0x0000000705c00000, 0x0000000800000000)
  region size 2048K, 25 young (51200K), 1 survivors (2048K)
 Metaspace       used 30390K, committed 30912K, reserved 1114112K
  class space    used 3407K, committed 3648K, reserved 1048576K
}
Event: 5.757 GC heap after
{Heap after GC invocations=15 (full 0):
 garbage-first heap   total reserved 4100096K, committed 135168K, used 67429K [0x0000000705c00000, 0x0000000800000000)
  region size 2048K, 1 young (2048K), 1 survivors (2048K)
 Metaspace       used 30390K, committed 30912K, reserved 1114112K
  class space    used 3407K, committed 3648K, reserved 1048576K
}
Event: 5.947 GC heap before
{Heap before GC invocations=15 (full 0):
 garbage-first heap   total reserved 4100096K, committed 135168K, used 116581K [0x0000000705c00000, 0x0000000800000000)
  region size 2048K, 26 young (53248K), 1 survivors (2048K)
 Metaspace       used 30598K, committed 31168K, reserved 1114112K
  class space    used 3417K, committed 3648K, reserved 1048576K
}
Event: 5.950 GC heap after
{Heap after GC invocations=16 (full 0):
 garbage-first heap   total reserved 4100096K, committed 135168K, used 67245K [0x0000000705c00000, 0x0000000800000000)
  region size 2048K, 2 young (4096K), 2 survivors (4096K)
 Metaspace       used 30598K, committed 31168K, reserved 1114112K
  class space    used 3417K, committed 3648K, reserved 1048576K
}
Event: 6.051 GC heap before
{Heap before GC invocations=16 (full 0):
 garbage-first heap   total reserved 4100096K, committed 135168K, used 120493K [0x0000000705c00000, 0x0000000800000000)
  region size 2048K, 28 young (57344K), 2 survivors (4096K)
 Metaspace       used 30696K, committed 31232K, reserved 1114112K
  class space    used 3419K, committed 3648K, reserved 1048576K
}
Event: 6.055 GC heap after
{Heap after GC invocations=17 (full 0):
 garbage-first heap   total reserved 4100096K, committed 163840K, used 68528K [0x0000000705c00000, 0x0000000800000000)
  region size 2048K, 2 young (4096K), 2 survivors (4096K)
 Metaspace       used 30696K, committed 31232K, reserved 1114112K
  class space    used 3419K, committed 3648K, reserved 1048576K
}
Event: 6.221 GC heap before
{Heap before GC invocations=18 (full 0):
 garbage-first heap   total reserved 4100096K, committed 163840K, used 144304K [0x0000000705c00000, 0x0000000800000000)
  region size 2048K, 39 young (79872K), 2 survivors (4096K)
 Metaspace       used 30875K, committed 31424K, reserved 1114112K
  class space    used 3421K, committed 3648K, reserved 1048576K
}
Event: 6.226 GC heap after
{Heap after GC invocations=19 (full 0):
 garbage-first heap   total reserved 4100096K, committed 163840K, used 68242K [0x0000000705c00000, 0x0000000800000000)
  region size 2048K, 2 young (4096K), 2 survivors (4096K)
 Metaspace       used 30875K, committed 31424K, reserved 1114112K
  class space    used 3421K, committed 3648K, reserved 1048576K
}
Event: 6.356 GC heap before
{Heap before GC invocations=19 (full 0):
 garbage-first heap   total reserved 4100096K, committed 163840K, used 148114K [0x0000000705c00000, 0x0000000800000000)
  region size 2048K, 41 young (83968K), 2 survivors (4096K)
 Metaspace       used 30890K, committed 31424K, reserved 1114112K
  class space    used 3421K, committed 3648K, reserved 1048576K
}
Event: 6.363 GC heap after
{Heap after GC invocations=20 (full 0):
 garbage-first heap   total reserved 4100096K, committed 163840K, used 67016K [0x0000000705c00000, 0x0000000800000000)
  region size 2048K, 2 young (4096K), 2 survivors (4096K)
 Metaspace       used 30890K, committed 31424K, reserved 1114112K
  class space    used 3421K, committed 3648K, reserved 1048576K
}
Event: 7.442 GC heap before
{Heap before GC invocations=20 (full 0):
 garbage-first heap   total reserved 4100096K, committed 163840K, used 148936K [0x0000000705c00000, 0x0000000800000000)
  region size 2048K, 42 young (86016K), 2 survivors (4096K)
 Metaspace       used 33391K, committed 33984K, reserved 1114112K
  class space    used 3682K, committed 3904K, reserved 1048576K
}
Event: 7.452 GC heap after
{Heap after GC invocations=21 (full 0):
 garbage-first heap   total reserved 4100096K, committed 163840K, used 72097K [0x0000000705c00000, 0x0000000800000000)
  region size 2048K, 5 young (10240K), 5 survivors (10240K)
 Metaspace       used 33391K, committed 33984K, reserved 1114112K
  class space    used 3682K, committed 3904K, reserved 1048576K
}
Event: 8.105 GC heap before
{Heap before GC invocations=22 (full 0):
 garbage-first heap   total reserved 4100096K, committed 163840K, used 143777K [0x0000000705c00000, 0x0000000800000000)
  region size 2048K, 40 young (81920K), 5 survivors (10240K)
 Metaspace       used 33665K, committed 34240K, reserved 1114112K
  class space    used 3699K, committed 3968K, reserved 1048576K
}
Event: 8.115 GC heap after
{Heap after GC invocations=23 (full 0):
 garbage-first heap   total reserved 4100096K, committed 163840K, used 73913K [0x0000000705c00000, 0x0000000800000000)
  region size 2048K, 2 young (4096K), 2 survivors (4096K)
 Metaspace       used 33665K, committed 34240K, reserved 1114112K
  class space    used 3699K, committed 3968K, reserved 1048576K
}

