# JRE version: OpenJDK Runtime Environment (22.0.2+9) (build 22.0.2+9-70)
# Java VM: OpenJDK 64-Bit Server VM (22.0.2+9-70, mixed mode, sharing, tiered, compressed oops, compressed class ptrs, g1 gc, windows-amd64)
GC Precious Log:
 CardTable entry size: 512
 Card Set container configuration: InlinePtr #cards 4 size 8 Array Of Cards #cards 16 size 48 Howl #buckets 8 coarsen threshold 3686 Howl Bitmap #cards 512 size 80 coarsen threshold 460 Card regions per heap region 1 cards per card region 4096
 CPUs: 20 total, 20 available
 Memory: 16011M
 Large Page Support: Disabled
 NUMA Support: Disabled
 Compressed Oops: Enabled (Zero based)
 Heap Region Size: 2M
 Heap Min Capacity: 8M
 Heap Initial Capacity: 252M
 Heap Max Capacity: 4004M
 Pre-touch: Disabled
 Parallel Workers: 15
 Concurrent Workers: 4
 Concurrent Refinement Workers: 15
 Periodic GC: Disabled
Heap:
 garbage-first heap   total reserved 4100096K, committed 239616K, used 83967K [0x0000000705c00000, 0x0000000800000000)
  region size 2048K, 12 young (24576K), 8 survivors (16384K)
 Metaspace       used 38164K, committed 38784K, reserved 1114112K
  class space    used 4263K, committed 4544K, reserved 1048576K
GC Heap History (20 events):
Event: 5.322 GC heap before
{Heap before GC invocations=10 (full 0):
 garbage-first heap   total reserved 4100096K, committed 92160K, used 77253K [0x0000000705c00000, 0x0000000800000000)
  region size 2048K, 13 young (26624K), 2 survivors (4096K)
 Metaspace       used 27664K, committed 28032K, reserved 1114112K
  class space    used 3095K, committed 3264K, reserved 1048576K
}
Event: 5.333 GC heap after
{Heap after GC invocations=11 (full 0):
 garbage-first heap   total reserved 4100096K, committed 92160K, used 59183K [0x0000000705c00000, 0x0000000800000000)
  region size 2048K, 2 young (4096K), 2 survivors (4096K)
 Metaspace       used 27664K, committed 28032K, reserved 1114112K
  class space    used 3095K, committed 3264K, reserved 1048576K
}
Event: 5.426 GC heap before
{Heap before GC invocations=11 (full 0):
 garbage-first heap   total reserved 4100096K, committed 92160K, used 79663K [0x0000000705c00000, 0x0000000800000000)
  region size 2048K, 12 young (24576K), 2 survivors (4096K)
 Metaspace       used 27779K, committed 28160K, reserved 1114112K
  class space    used 3107K, committed 3264K, reserved 1048576K
}
Event: 5.440 GC heap after
{Heap after GC invocations=12 (full 0):
 garbage-first heap   total reserved 4100096K, committed 153600K, used 63030K [0x0000000705c00000, 0x0000000800000000)
  region size 2048K, 2 young (4096K), 2 survivors (4096K)
 Metaspace       used 27779K, committed 28160K, reserved 1114112K
  class space    used 3107K, committed 3264K, reserved 1048576K
}
Event: 6.520 GC heap before
{Heap before GC invocations=12 (full 0):
 garbage-first heap   total reserved 4100096K, committed 153600K, used 116278K [0x0000000705c00000, 0x0000000800000000)
  region size 2048K, 29 young (59392K), 2 survivors (4096K)
 Metaspace       used 29937K, committed 30336K, reserved 1114112K
  class space    used 3343K, committed 3520K, reserved 1048576K
}
Event: 6.526 GC heap after
{Heap after GC invocations=13 (full 0):
 garbage-first heap   total reserved 4100096K, committed 153600K, used 65536K [0x0000000705c00000, 0x0000000800000000)
  region size 2048K, 3 young (6144K), 3 survivors (6144K)
 Metaspace       used 29937K, committed 30336K, reserved 1114112K
  class space    used 3343K, committed 3520K, reserved 1048576K
}
Event: 6.794 GC heap before
{Heap before GC invocations=13 (full 0):
 garbage-first heap   total reserved 4100096K, committed 153600K, used 122880K [0x0000000705c00000, 0x0000000800000000)
  region size 2048K, 31 young (63488K), 3 survivors (6144K)
 Metaspace       used 30043K, committed 30464K, reserved 1114112K
  class space    used 3350K, committed 3520K, reserved 1048576K
}
Event: 6.802 GC heap after
{Heap after GC invocations=14 (full 0):
 garbage-first heap   total reserved 4100096K, committed 153600K, used 65701K [0x0000000705c00000, 0x0000000800000000)
  region size 2048K, 2 young (4096K), 2 survivors (4096K)
 Metaspace       used 30043K, committed 30464K, reserved 1114112K
  class space    used 3350K, committed 3520K, reserved 1048576K
}
Event: 7.466 GC heap before
{Heap before GC invocations=14 (full 0):
 garbage-first heap   total reserved 4100096K, committed 153600K, used 125093K [0x0000000705c00000, 0x0000000800000000)
  region size 2048K, 31 young (63488K), 2 survivors (4096K)
 Metaspace       used 30574K, committed 31104K, reserved 1114112K
  class space    used 3421K, committed 3648K, reserved 1048576K
}
Event: 7.474 GC heap after
{Heap after GC invocations=15 (full 0):
 garbage-first heap   total reserved 4100096K, committed 153600K, used 66960K [0x0000000705c00000, 0x0000000800000000)
  region size 2048K, 3 young (6144K), 3 survivors (6144K)
 Metaspace       used 30574K, committed 31104K, reserved 1114112K
  class space    used 3421K, committed 3648K, reserved 1048576K
}
Event: 7.690 GC heap before
{Heap before GC invocations=15 (full 0):
 garbage-first heap   total reserved 4100096K, committed 153600K, used 128400K [0x0000000705c00000, 0x0000000800000000)
  region size 2048K, 33 young (67584K), 3 survivors (6144K)
 Metaspace       used 30617K, committed 31168K, reserved 1114112K
  class space    used 3423K, committed 3648K, reserved 1048576K
}
Event: 7.699 GC heap after
{Heap after GC invocations=16 (full 0):
 garbage-first heap   total reserved 4100096K, committed 153600K, used 66709K [0x0000000705c00000, 0x0000000800000000)
  region size 2048K, 2 young (4096K), 2 survivors (4096K)
 Metaspace       used 30617K, committed 31168K, reserved 1114112K
  class space    used 3423K, committed 3648K, reserved 1048576K
}
Event: 7.996 GC heap before
{Heap before GC invocations=16 (full 0):
 garbage-first heap   total reserved 4100096K, committed 153600K, used 134293K [0x0000000705c00000, 0x0000000800000000)
  region size 2048K, 35 young (71680K), 2 survivors (4096K)
 Metaspace       used 30855K, committed 31360K, reserved 1114112K
  class space    used 3426K, committed 3648K, reserved 1048576K
}
Event: 8.009 GC heap after
{Heap after GC invocations=17 (full 0):
 garbage-first heap   total reserved 4100096K, committed 239616K, used 68012K [0x0000000705c00000, 0x0000000800000000)
  region size 2048K, 3 young (6144K), 3 survivors (6144K)
 Metaspace       used 30855K, committed 31360K, reserved 1114112K
  class space    used 3426K, committed 3648K, reserved 1048576K
}
Event: 9.032 GC heap before
{Heap before GC invocations=17 (full 0):
 garbage-first heap   total reserved 4100096K, committed 239616K, used 205228K [0x0000000705c00000, 0x0000000800000000)
  region size 2048K, 70 young (143360K), 3 survivors (6144K)
 Metaspace       used 32926K, committed 33472K, reserved 1114112K
  class space    used 3671K, committed 3904K, reserved 1048576K
}
Event: 9.041 GC heap after
{Heap after GC invocations=18 (full 0):
 garbage-first heap   total reserved 4100096K, committed 239616K, used 71386K [0x0000000705c00000, 0x0000000800000000)
  region size 2048K, 5 young (10240K), 5 survivors (10240K)
 Metaspace       used 32926K, committed 33472K, reserved 1114112K
  class space    used 3671K, committed 3904K, reserved 1048576K
}
Event: 11.265 GC heap before
{Heap before GC invocations=18 (full 0):
 garbage-first heap   total reserved 4100096K, committed 239616K, used 204506K [0x0000000705c00000, 0x0000000800000000)
  region size 2048K, 70 young (143360K), 5 survivors (10240K)
 Metaspace       used 33756K, committed 34304K, reserved 1114112K
  class space    used 3715K, committed 3968K, reserved 1048576K
}
Event: 11.280 GC heap after
{Heap after GC invocations=19 (full 0):
 garbage-first heap   total reserved 4100096K, committed 239616K, used 71392K [0x0000000705c00000, 0x0000000800000000)
  region size 2048K, 7 young (14336K), 7 survivors (14336K)
 Metaspace       used 33756K, committed 34304K, reserved 1114112K
  class space    used 3715K, committed 3968K, reserved 1048576K
}
Event: 13.475 GC heap before
{Heap before GC invocations=19 (full 0):
 garbage-first heap   total reserved 4100096K, committed 239616K, used 198368K [0x0000000705c00000, 0x0000000800000000)
  region size 2048K, 70 young (143360K), 7 survivors (14336K)
 Metaspace       used 37746K, committed 38336K, reserved 1114112K
  class space    used 4229K, committed 4480K, reserved 1048576K
}
Event: 13.490 GC heap after
{Heap after GC invocations=20 (full 0):
 garbage-first heap   total reserved 4100096K, committed 239616K, used 77823K [0x0000000705c00000, 0x0000000800000000)
  region size 2048K, 8 young (16384K), 8 survivors (16384K)
 Metaspace       used 37746K, committed 38336K, reserved 1114112K
  class space    used 4229K, committed 4480K, reserved 1048576K
}

